p/0_0_anhu_0201.jpg 1 0 0 155 123
p/0_0_anhu_0205.jpg 1 0 0 154 145
p/0_0_anhu_0209.jpg 1 0 0 133 140
p/0_0_anhu_0211.jpg 1 0 0 143 143
p/0_0_anhu_0214.jpg 1 0 0 152 123
p/0_0_anhu_0216.jpg 1 0 0 149 121
p/0_0_baibaihe_0077.jpg 1 0 0 159 129
p/0_0_baibaihe_0085.jpg 1 0 0 142 137
p/0_0_baibaihe_0093.jpg 1 0 0 153 139
p/0_0_baibaihe_0204.jpg 1 0 0 156 143
p/0_0_baibaihe_0216.jpg 1 0 0 136 130
p/0_0_baibaihe_0236.jpg 1 0 0 158 154
p/0_0_baobeier_0014.jpg 1 0 0 107 115
p/0_0_baobeier_0016.jpg 1 0 0 144 139
p/0_0_baobeier_0020.jpg 1 0 0 134 145
p/0_0_baobeier_0046.jpg 1 0 0 139 139
p/0_0_baobeier_0062.jpg 1 0 0 141 131
p/0_0_baobeier_0064.jpg 1 0 0 139 127
p/0_0_baobeier_0098.jpg 1 0 0 152 136
p/0_0_baobeier_0099.jpg 1 0 0 160 152